<?xml version="1.0" encoding="UTF-8"?>
<testng-results ignored="0" total="1" passed="0" failed="1" skipped="0">
  <reporter-output>
    <line>
      <![CDATA[Default testtest is started]]>
    </line>
    <line>
      <![CDATA[toCreateAndVerifyTheCampaignsTestmethod is started]]>
    </line>
  </reporter-output>
  <suite started-at="2022-06-24T15:35:36 IST" name="Default suite" finished-at="2022-06-24T15:35:59 IST" duration-ms="22262">
    <groups>
    </groups>
    <test started-at="2022-06-24T15:35:36 IST" name="Default test" finished-at="2022-06-24T15:35:59 IST" duration-ms="22262">
      <class name="com.crm.Campaigns.ToCreateAndVerifyTheCampaignsTest">
        <test-method is-config="true" signature="dbConfig()[pri:0, instance:com.crm.Campaigns.ToCreateAndVerifyTheCampaignsTest@3e11f9e9]" started-at="2022-06-24T15:35:36 IST" name="dbConfig" finished-at="2022-06-24T15:35:36 IST" duration-ms="7" status="PASS">
          <reporter-output>
          </reporter-output>
        </test-method> <!-- dbConfig -->
        <test-method is-config="true" signature="lauchTheBrowser()[pri:0, instance:com.crm.Campaigns.ToCreateAndVerifyTheCampaignsTest@3e11f9e9]" started-at="2022-06-24T15:35:37 IST" name="lauchTheBrowser" finished-at="2022-06-24T15:35:41 IST" duration-ms="4356" status="PASS">
          <reporter-output>
          </reporter-output>
        </test-method> <!-- lauchTheBrowser -->
        <test-method is-config="true" signature="loginToApplication()[pri:0, instance:com.crm.Campaigns.ToCreateAndVerifyTheCampaignsTest@3e11f9e9]" started-at="2022-06-24T15:35:41 IST" name="loginToApplication" finished-at="2022-06-24T15:35:44 IST" duration-ms="3288" status="PASS">
          <reporter-output>
          </reporter-output>
        </test-method> <!-- loginToApplication -->
        <test-method signature="toCreateAndVerifyTheCampaignsTest()[pri:0, instance:com.crm.Campaigns.ToCreateAndVerifyTheCampaignsTest@3e11f9e9]" started-at="2022-06-24T15:35:44 IST" name="toCreateAndVerifyTheCampaignsTest" finished-at="2022-06-24T15:35:55 IST" duration-ms="10992" status="FAIL">
          <exception class="java.lang.AssertionError">
            <message>
              <![CDATA[null]]>
            </message>
            <full-stacktrace>
              <![CDATA[java.lang.AssertionError: null
at org.testng.Assert.fail(Assert.java:99)
at org.testng.Assert.fail(Assert.java:106)
at com.crm.Campaigns.ToCreateAndVerifyTheCampaignsTest.toCreateAndVerifyTheCampaignsTest(ToCreateAndVerifyTheCampaignsTest.java:64)
at java.base/jdk.internal.reflect.NativeMethodAccessorImpl.invoke0(Native Method)
at java.base/jdk.internal.reflect.NativeMethodAccessorImpl.invoke(NativeMethodAccessorImpl.java:78)
at java.base/jdk.internal.reflect.DelegatingMethodAccessorImpl.invoke(DelegatingMethodAccessorImpl.java:43)
at java.base/java.lang.reflect.Method.invoke(Method.java:567)
at org.testng.internal.MethodInvocationHelper.invokeMethod(MethodInvocationHelper.java:133)
at org.testng.internal.TestInvoker.invokeMethod(TestInvoker.java:598)
at org.testng.internal.TestInvoker.invokeTestMethod(TestInvoker.java:173)
at org.testng.internal.MethodRunner.runInSequence(MethodRunner.java:46)
at org.testng.internal.TestInvoker$MethodInvocationAgent.invoke(TestInvoker.java:824)
at org.testng.internal.TestInvoker.invokeTestMethods(TestInvoker.java:146)
at org.testng.internal.TestMethodWorker.invokeTestMethods(TestMethodWorker.java:146)
at org.testng.internal.TestMethodWorker.run(TestMethodWorker.java:128)
at java.base/java.util.ArrayList.forEach(ArrayList.java:1511)
at org.testng.TestRunner.privateRun(TestRunner.java:794)
at org.testng.TestRunner.run(TestRunner.java:596)
at org.testng.SuiteRunner.runTest(SuiteRunner.java:377)
at org.testng.SuiteRunner.runSequentially(SuiteRunner.java:371)
at org.testng.SuiteRunner.privateRun(SuiteRunner.java:332)
at org.testng.SuiteRunner.run(SuiteRunner.java:276)
at org.testng.SuiteRunnerWorker.runSuite(SuiteRunnerWorker.java:53)
at org.testng.SuiteRunnerWorker.run(SuiteRunnerWorker.java:96)
at org.testng.TestNG.runSuitesSequentially(TestNG.java:1212)
at org.testng.TestNG.runSuitesLocally(TestNG.java:1134)
at org.testng.TestNG.runSuites(TestNG.java:1063)
at org.testng.TestNG.run(TestNG.java:1031)
at org.testng.remote.AbstractRemoteTestNG.run(AbstractRemoteTestNG.java:115)
at org.testng.remote.RemoteTestNG.initAndRun(RemoteTestNG.java:251)
at org.testng.remote.RemoteTestNG.main(RemoteTestNG.java:77)
]]>
            </full-stacktrace>
          </exception> <!-- java.lang.AssertionError -->
          <reporter-output>
            <line>
              <![CDATA[toCreateAndVerifyTheCampaignsTestmethod is started]]>
            </line>
          </reporter-output>
        </test-method> <!-- toCreateAndVerifyTheCampaignsTest -->
        <test-method is-config="true" signature="logoutFromApplication()[pri:0, instance:com.crm.Campaigns.ToCreateAndVerifyTheCampaignsTest@3e11f9e9]" started-at="2022-06-24T15:35:56 IST" name="logoutFromApplication" finished-at="2022-06-24T15:35:58 IST" duration-ms="2266" status="PASS">
          <reporter-output>
          </reporter-output>
        </test-method> <!-- logoutFromApplication -->
        <test-method is-config="true" signature="closeTheBrowser()[pri:0, instance:com.crm.Campaigns.ToCreateAndVerifyTheCampaignsTest@3e11f9e9]" started-at="2022-06-24T15:35:58 IST" name="closeTheBrowser" finished-at="2022-06-24T15:35:59 IST" duration-ms="880" status="PASS">
          <reporter-output>
          </reporter-output>
        </test-method> <!-- closeTheBrowser -->
        <test-method is-config="true" signature="closeDBconfig()[pri:0, instance:com.crm.Campaigns.ToCreateAndVerifyTheCampaignsTest@3e11f9e9]" started-at="2022-06-24T15:35:59 IST" name="closeDBconfig" finished-at="2022-06-24T15:35:59 IST" duration-ms="0" status="PASS">
          <reporter-output>
          </reporter-output>
        </test-method> <!-- closeDBconfig -->
      </class> <!-- com.crm.Campaigns.ToCreateAndVerifyTheCampaignsTest -->
    </test> <!-- Default test -->
  </suite> <!-- Default suite -->
</testng-results>
